May 27 11:45:40 ubuntu.local ticky: INFO: Created ticket [#1234] (Mohamed)
May 27 11:45:40 ubuntu.local ticky: ERROR: Error creating ticket [#1234] (Regi)
May 27 11:45:40 ubuntu.local ticky: INFO: Created ticket [#1235] (Ali)
May 27 11:45:40 ubuntu.local ticky: ERROR: Error creating ticket [#1236] (Mohamed)
May 27 11:45:40 ubuntu.local ticky: INFO: Created ticket [#1237] (Mohamed)
May 27 11:45:40 ubuntu.local ticky: ERROR: Error creating ticket [#1238] (Alya)
May 27 11:45:40 ubuntu.local ticky: INFO: Created ticket [#1239] (Ali)
May 27 11:45:40 ubuntu.local ticky: ERROR: Error creating ticket [#1240] (Mohamed)
May 27 11:45:40 ubuntu.local ticky: INFO: Created ticket [#1241] (Mohamed)
May 27 11:45:40 ubuntu.local ticky: INFO: Created ticket [#1242] (Alya)
May 27 11:45:40 ubuntu.local ticky: INFO: Created ticket [#1243] (Alya)
May 27 11:45:40 ubuntu.local ticky: INFO: Created ticket [#1244] (Mohamed)
May 27 11:45:40 ubuntu.local ticky: INFO: Created ticket [#1245] (Ralf)
May 27 11:45:40 ubuntu.local ticky: INFO: Created ticket [#1246] (Wittwer)
May 27 11:45:40 ubuntu.local ticky: ERROR: Error creating ticket [#1247] (Mohamed)
May 27 11:45:40 ubuntu.local ticky: ERROR: Error deleting ticket [#1248] (Mohamed)
May 27 11:45:40 ubuntu.local ticky: ERROR: Error creating ticket [#1249] (Mohamed)
May 27 11:45:40 ubuntu.local ticky: ERROR: Error editing ticket [#1250] (Mohamed)
May 27 11:45:40 ubuntu.local ticky: ERROR: Error deleting ticket [#1251] (Mohamed)
May 27 11:45:40 ubuntu.local ticky: ERROR: Error creating ticket [#1252] (Mohamed)